Using pre-set license
Built from '2020.3/staging' branch; Version is '2020.3.0f1 (c7b5465681fb) revision 13088070'; Using compiler version '192528614'; Build Type 'Release'
OS: 'Windows 10 Education; OS build 19045.4046; Version 2009; 64bit' Language: 'en' Physical Memory: 16106 MB
BatchMode: 1, IsHumanControllingUs: 0, StartBugReporterOnCrash: 0, Is64bit: 1, IsPro: 0

 COMMAND LINE ARGUMENTS:
C:\Program Files\Unity\Editor\Unity.exe
-adb2
-batchMode
-noUpm
-name
AssetImportWorker0
-projectPath
C:/Users/K1208266/OneDrive - Katy Independent School District/GitHub/DEMO-
-logFile
Logs/AssetImportWorker0.log
-srvPort
57544
Successfully changed project path to: C:/Users/K1208266/OneDrive - Katy Independent School District/GitHub/DEMO-
C:/Users/K1208266/OneDrive - Katy Independent School District/GitHub/DEMO-
Using Asset Import Pipeline V2.
Refreshing native plugins compatible for Editor in 26.70 ms, found 0 plugins.
Preloading 0 native plugins for Editor in 0.00 ms.
Initialize engine version: 2020.3.0f1 (c7b5465681fb)
[Subsystems] Discovering subsystems at path C:/Program Files/Unity/Editor/Data/Resources/UnitySubsystems
[Subsystems] Discovering subsystems at path C:/Users/K1208266/OneDrive - Katy Independent School District/GitHub/DEMO-/Assets
GfxDevice: creating device client; threaded=0
Direct3D:
    Version:  Direct3D 11.0 [level 11.1]
    Renderer: Intel(R) UHD Graphics 630 (ID=0x9bc5)
    Vendor:   
    VRAM:     8053 MB
    Driver:   27.20.100.9268
Initialize mono
Mono path[0] = 'C:/Program Files/Unity/Editor/Data/Managed'
Mono path[1] = 'C:/Program Files/Unity/Editor/Data/MonoBleedingEdge/lib/mono/unityjit'
Mono config path = 'C:/Program Files/Unity/Editor/Data/MonoBleedingEdge/etc'
Using monoOptions --debugger-agent=transport=dt_socket,embedding=1,server=y,suspend=n,address=127.0.0.1:56448
Begin MonoManager ReloadAssembly
Registering precompiled unity dll's ...
Register platform support module: C:/Program Files/Unity/Editor/Data/PlaybackEngines/WindowsStandaloneSupport/UnityEditor.WindowsStandalone.Extensions.dll
Registered in 0.001929 seconds.
Native extension for WindowsStandalone target not found
Refreshing native plugins compatible for Editor in 25.14 ms, found 0 plugins.
Preloading 0 native plugins for Editor in 0.00 ms.
Invoked RoslynAnalysisRunner static constructor.
RoslynAnalysisRunner will not be running.
RoslynAnalysisRunner has terminated.
Mono: successfully reloaded assembly
- Completed reload, in  1.311 seconds
Platform modules already initialized, skipping
Registering precompiled user dll's ...
Registered in 0.000833 seconds.
Begin MonoManager ReloadAssembly
Native extension for WindowsStandalone target not found
Refreshing native plugins compatible for Editor in 0.21 ms, found 0 plugins.
Preloading 0 native plugins for Editor in 0.00 ms.
Invoked RoslynAnalysisRunner static constructor.
RoslynAnalysisRunner will not be running.
RoslynAnalysisRunner has terminated.
Mono: successfully reloaded assembly
- Completed reload, in  0.727 seconds
Platform modules already initialized, skipping
========================================================================
Worker process is ready to serve import requests
Launched and connected shader compiler UnityShaderCompiler.exe after 0.07 seconds
Refreshing native plugins compatible for Editor in 0.21 ms, found 0 plugins.
Preloading 0 native plugins for Editor in 0.00 ms.
Unloading 1114 Unused Serialized files (Serialized files now loaded: 0)
System memory in use before: 57.4 MB.
System memory in use after: 57.4 MB.

Unloading 10 unused Assets to reduce memory usage. Loaded Objects now: 1559.
Total: 2.150500 ms (FindLiveObjects: 0.352200 ms CreateObjectMapping: 0.114200 ms MarkObjects: 1.615200 ms  DeleteObjects: 0.067400 ms)

========================================================================
Received Import Request.
  path: Assets/Scenes/SampleScene.unity
  artifactKey: Guid(9fc0d4010bbf28b4594072e72b8655ab) Importer(815301076,1909f56bfc062723c751e8b465ee728b)
Start importing Assets/Scenes/SampleScene.unity using Guid(9fc0d4010bbf28b4594072e72b8655ab) Importer(815301076,1909f56bfc062723c751e8b465ee728b)  -> (artifact id: '707a6fc5ff38a0bb6dd354a8adc760ce') in 0.012733 seconds
  Import took 0.014512 seconds .

========================================================================
Received Import Request.
  Time since last request: 6.398134 seconds.
  path: Assets/Zololgo/OrbitZoomPanCamera
  artifactKey: Guid(36808a11202aa6948b0b698c4ffe64f5) Importer(815301076,1909f56bfc062723c751e8b465ee728b)
Start importing Assets/Zololgo/OrbitZoomPanCamera using Guid(36808a11202aa6948b0b698c4ffe64f5) Importer(815301076,1909f56bfc062723c751e8b465ee728b)  -> (artifact id: '3b63d747ed07d88f854474cb1e94897e') in 0.005958 seconds
  Import took 0.008653 seconds .

========================================================================
Received Import Request.
  Time since last request: 0.000466 seconds.
  path: Assets/Zololgo/OrbitZoomPanCamera
  artifactKey: Guid(36808a11202aa6948b0b698c4ffe64f5) Importer(815301076,1909f56bfc062723c751e8b465ee728b)
Start importing Assets/Zololgo/OrbitZoomPanCamera using Guid(36808a11202aa6948b0b698c4ffe64f5) Importer(815301076,1909f56bfc062723c751e8b465ee728b)  -> (artifact id: '3b63d747ed07d88f854474cb1e94897e') in 0.004731 seconds
  Import took 0.007151 seconds .

========================================================================
Received Import Request.
  Time since last request: 0.035442 seconds.
  path: Assets/Zololgo/OrbitZoomPanCamera/OrbitZoomPanCamera.prefab
  artifactKey: Guid(1b37c56e651da7148a6195b43ee105fe) Importer(815301076,1909f56bfc062723c751e8b465ee728b)
Start importing Assets/Zololgo/OrbitZoomPanCamera/OrbitZoomPanCamera.prefab using Guid(1b37c56e651da7148a6195b43ee105fe) Importer(815301076,1909f56bfc062723c751e8b465ee728b)  -> (artifact id: 'b5af9ecd9be3a36ea4fcc76d1ccc6f9c') in 0.041199 seconds
  Import took 0.044731 seconds .

========================================================================
Received Import Request.
  Time since last request: 2.468682 seconds.
  path: Assets/Zololgo/PaperLands Winter Village
  artifactKey: Guid(9aafb8bdea8856e43ae7ae83025f30a8) Importer(815301076,1909f56bfc062723c751e8b465ee728b)
Start importing Assets/Zololgo/PaperLands Winter Village using Guid(9aafb8bdea8856e43ae7ae83025f30a8) Importer(815301076,1909f56bfc062723c751e8b465ee728b)  -> (artifact id: '0b062467e87eeb263f77ac809e30eed2') in 0.005605 seconds
  Import took 0.008610 seconds .

========================================================================
Received Import Request.
  Time since last request: 0.000656 seconds.
  path: Assets/Zololgo/PaperLands Winter Village
  artifactKey: Guid(9aafb8bdea8856e43ae7ae83025f30a8) Importer(815301076,1909f56bfc062723c751e8b465ee728b)
Start importing Assets/Zololgo/PaperLands Winter Village using Guid(9aafb8bdea8856e43ae7ae83025f30a8) Importer(815301076,1909f56bfc062723c751e8b465ee728b)  -> (artifact id: '0b062467e87eeb263f77ac809e30eed2') in 0.009050 seconds
  Import took 0.011125 seconds .

========================================================================
Received Import Request.
  Time since last request: 2.782002 seconds.
  path: Assets/Zololgo/PaperLands Winter Village/Scenes
  artifactKey: Guid(a592cb4cf4a43e048847b4fb5d8e81e6) Importer(815301076,1909f56bfc062723c751e8b465ee728b)
Start importing Assets/Zololgo/PaperLands Winter Village/Scenes using Guid(a592cb4cf4a43e048847b4fb5d8e81e6) Importer(815301076,1909f56bfc062723c751e8b465ee728b)  -> (artifact id: '28524d13b3d25ac533bae1548ffa2a6c') in 0.006918 seconds
  Import took 0.009630 seconds .

========================================================================
Received Import Request.
  Time since last request: 0.000461 seconds.
  path: Assets/Zololgo/PaperLands Winter Village/Scenes
  artifactKey: Guid(a592cb4cf4a43e048847b4fb5d8e81e6) Importer(815301076,1909f56bfc062723c751e8b465ee728b)
Start importing Assets/Zololgo/PaperLands Winter Village/Scenes using Guid(a592cb4cf4a43e048847b4fb5d8e81e6) Importer(815301076,1909f56bfc062723c751e8b465ee728b)  -> (artifact id: '28524d13b3d25ac533bae1548ffa2a6c') in 0.004352 seconds
  Import took 0.006493 seconds .

========================================================================
Received Import Request.
  Time since last request: 1.201455 seconds.
  path: Assets/Zololgo/PaperLands Winter Village/Scenes/Complete Scene - Winter Village.unity
  artifactKey: Guid(353aca978599e3b4ca18e1aaa68ea253) Importer(815301076,1909f56bfc062723c751e8b465ee728b)
Start importing Assets/Zololgo/PaperLands Winter Village/Scenes/Complete Scene - Winter Village.unity using Guid(353aca978599e3b4ca18e1aaa68ea253) Importer(815301076,1909f56bfc062723c751e8b465ee728b)  -> (artifact id: '06352512afc7549fdefab06166b346a7') in 0.005562 seconds
  Import took 0.008065 seconds .

========================================================================
Received Import Request.
  Time since last request: 0.000669 seconds.
  path: Assets/Zololgo/PaperLands Winter Village/Scenes/Complete Scene - Winter Village.unity
  artifactKey: Guid(353aca978599e3b4ca18e1aaa68ea253) Importer(815301076,1909f56bfc062723c751e8b465ee728b)
Start importing Assets/Zololgo/PaperLands Winter Village/Scenes/Complete Scene - Winter Village.unity using Guid(353aca978599e3b4ca18e1aaa68ea253) Importer(815301076,1909f56bfc062723c751e8b465ee728b)  -> (artifact id: '06352512afc7549fdefab06166b346a7') in 0.003563 seconds
  Import took 0.005977 seconds .

========================================================================
Received Import Request.
  Time since last request: 3.372819 seconds.
  path: Assets/Zololgo/PaperLands Winter Village/Scenes/Prefabs - Winter Village.unity
  artifactKey: Guid(2110adf6e7364f445868963544d8813e) Importer(815301076,1909f56bfc062723c751e8b465ee728b)
Start importing Assets/Zololgo/PaperLands Winter Village/Scenes/Prefabs - Winter Village.unity using Guid(2110adf6e7364f445868963544d8813e) Importer(815301076,1909f56bfc062723c751e8b465ee728b)  -> (artifact id: 'cff20b5fa3922e234f1f64170390d394') in 0.005688 seconds
  Import took 0.008173 seconds .

========================================================================
Received Import Request.
  Time since last request: 0.000992 seconds.
  path: Assets/Zololgo/PaperLands Winter Village/Scenes/Prefabs - Winter Village.unity
  artifactKey: Guid(2110adf6e7364f445868963544d8813e) Importer(815301076,1909f56bfc062723c751e8b465ee728b)
Start importing Assets/Zololgo/PaperLands Winter Village/Scenes/Prefabs - Winter Village.unity using Guid(2110adf6e7364f445868963544d8813e) Importer(815301076,1909f56bfc062723c751e8b465ee728b)  -> (artifact id: 'cff20b5fa3922e234f1f64170390d394') in 0.005344 seconds
  Import took 0.007294 seconds .

========================================================================
Received Import Request.
  Time since last request: 9.619834 seconds.
  path: Assets/Scenes
  artifactKey: Guid(7b26bd78e7cf7db48ae6bca033530490) Importer(815301076,1909f56bfc062723c751e8b465ee728b)
Start importing Assets/Scenes using Guid(7b26bd78e7cf7db48ae6bca033530490) Importer(815301076,1909f56bfc062723c751e8b465ee728b)  -> (artifact id: '3b6f47c58f4bb4b673adb6d37c3d4ed4') in 0.004580 seconds
  Import took 0.008351 seconds .

========================================================================
Received Import Request.
  Time since last request: 0.001195 seconds.
  path: Assets/Scenes
  artifactKey: Guid(7b26bd78e7cf7db48ae6bca033530490) Importer(815301076,1909f56bfc062723c751e8b465ee728b)
Start importing Assets/Scenes using Guid(7b26bd78e7cf7db48ae6bca033530490) Importer(815301076,1909f56bfc062723c751e8b465ee728b)  -> (artifact id: '3b6f47c58f4bb4b673adb6d37c3d4ed4') in 0.003854 seconds
  Import took 0.006241 seconds .

========================================================================
Received Import Request.
  Time since last request: 1.981286 seconds.
  path: Assets/Scripts
  artifactKey: Guid(2a2f854a8c7f2654f9f1a94a6a4aaa0b) Importer(815301076,1909f56bfc062723c751e8b465ee728b)
Start importing Assets/Scripts using Guid(2a2f854a8c7f2654f9f1a94a6a4aaa0b) Importer(815301076,1909f56bfc062723c751e8b465ee728b)  -> (artifact id: '056d26805e11a9c7323d4afd390e597d') in 0.005767 seconds
  Import took 0.008371 seconds .

========================================================================
Received Import Request.
  Time since last request: 0.000405 seconds.
  path: Assets/Scripts
  artifactKey: Guid(2a2f854a8c7f2654f9f1a94a6a4aaa0b) Importer(815301076,1909f56bfc062723c751e8b465ee728b)
Start importing Assets/Scripts using Guid(2a2f854a8c7f2654f9f1a94a6a4aaa0b) Importer(815301076,1909f56bfc062723c751e8b465ee728b)  -> (artifact id: '056d26805e11a9c7323d4afd390e597d') in 0.004444 seconds
  Import took 0.006985 seconds .

========================================================================
Received Import Request.
  Time since last request: 1.609563 seconds.
  path: Assets/Zololgo
  artifactKey: Guid(e45df5e55975ccd438d610e180c4742b) Importer(815301076,1909f56bfc062723c751e8b465ee728b)
Start importing Assets/Zololgo using Guid(e45df5e55975ccd438d610e180c4742b) Importer(815301076,1909f56bfc062723c751e8b465ee728b)  -> (artifact id: '0e028ccf735260adbcd3be034a0414c7') in 0.004953 seconds
  Import took 0.007691 seconds .

========================================================================
Received Import Request.
  Time since last request: 0.000879 seconds.
  path: Assets/Zololgo
  artifactKey: Guid(e45df5e55975ccd438d610e180c4742b) Importer(815301076,1909f56bfc062723c751e8b465ee728b)
Start importing Assets/Zololgo using Guid(e45df5e55975ccd438d610e180c4742b) Importer(815301076,1909f56bfc062723c751e8b465ee728b)  -> (artifact id: '0e028ccf735260adbcd3be034a0414c7') in 0.005053 seconds
  Import took 0.007037 seconds .

========================================================================
Received Import Request.
  Time since last request: 3.307366 seconds.
  path: Assets/Zololgo/PaperLands Winter Village/Post Processing Profiles/FlatPoly Chess and Checkers.asset
  artifactKey: Guid(87388beb9914c9b42a9a4fafb0365290) Importer(815301076,1909f56bfc062723c751e8b465ee728b)
Start importing Assets/Zololgo/PaperLands Winter Village/Post Processing Profiles/FlatPoly Chess and Checkers.asset using Guid(87388beb9914c9b42a9a4fafb0365290) Importer(815301076,1909f56bfc062723c751e8b465ee728b)  -> (artifact id: '42677867e751a59fb3f548eaff293445') in 0.006926 seconds
  Import took 0.008890 seconds .

========================================================================
Received Import Request.
  Time since last request: 0.566237 seconds.
  path: Assets/Zololgo/PaperLands Winter Village/Prefabs/Lights.prefab
  artifactKey: Guid(254284ef6ad127146a9a7b2c296f4058) Importer(815301076,1909f56bfc062723c751e8b465ee728b)
Start importing Assets/Zololgo/PaperLands Winter Village/Prefabs/Lights.prefab using Guid(254284ef6ad127146a9a7b2c296f4058) Importer(815301076,1909f56bfc062723c751e8b465ee728b)  -> (artifact id: '95b6cfaf59e8b50037510a5a399f36e0') in 0.004966 seconds
  Import took 0.006880 seconds .

========================================================================
Received Import Request.
  Time since last request: 16.934494 seconds.
  path: Assets/Zololgo/PaperLands Winter Village/Textures/nightsky.png
  artifactKey: Guid(e3c2569f43c6ba54cab4e07c667e341f) Importer(815301076,1909f56bfc062723c751e8b465ee728b)
Start importing Assets/Zololgo/PaperLands Winter Village/Textures/nightsky.png using Guid(e3c2569f43c6ba54cab4e07c667e341f) Importer(815301076,1909f56bfc062723c751e8b465ee728b)  -> (artifact id: '9bbdbeac1f77412e132eb351be924e7e') in 0.263955 seconds
  Import took 0.266803 seconds .

========================================================================
Received Import Request.
  Time since last request: 0.000258 seconds.
  path: Assets/Zololgo/PaperLands Winter Village/Textures/sky.png
  artifactKey: Guid(e2c14b06115a9e644a1c9f2ffb1ef81d) Importer(815301076,1909f56bfc062723c751e8b465ee728b)
Start importing Assets/Zololgo/PaperLands Winter Village/Textures/sky.png using Guid(e2c14b06115a9e644a1c9f2ffb1ef81d) Importer(815301076,1909f56bfc062723c751e8b465ee728b)  -> (artifact id: 'f220a7a383bdd385ff146aee19f60085') in 0.021396 seconds
  Import took 0.023653 seconds .

========================================================================
Received Import Request.
  Time since last request: 0.000265 seconds.
  path: Assets/Zololgo/PaperLands Winter Village/Textures/starssparse4.png
  artifactKey: Guid(27a6729591b249040a6aa1b9eb8202cb) Importer(815301076,1909f56bfc062723c751e8b465ee728b)
Start importing Assets/Zololgo/PaperLands Winter Village/Textures/starssparse4.png using Guid(27a6729591b249040a6aa1b9eb8202cb) Importer(815301076,1909f56bfc062723c751e8b465ee728b)  -> (artifact id: 'e8c2ed75d22613330566752c589b899d') in 0.016270 seconds
  Import took 0.019300 seconds .

========================================================================
Received Import Request.
  Time since last request: 0.000858 seconds.
  path: Assets/Zololgo/PaperLands Winter Village/Textures/sky.png
  artifactKey: Guid(e2c14b06115a9e644a1c9f2ffb1ef81d) Importer(815301076,1909f56bfc062723c751e8b465ee728b)
Start importing Assets/Zololgo/PaperLands Winter Village/Textures/sky.png using Guid(e2c14b06115a9e644a1c9f2ffb1ef81d) Importer(815301076,1909f56bfc062723c751e8b465ee728b)  -> (artifact id: 'f220a7a383bdd385ff146aee19f60085') in 0.017687 seconds
  Import took 0.020869 seconds .

========================================================================
Received Import Request.
  Time since last request: 4.687193 seconds.
  path: Assets/Zololgo/PaperLands Winter Village/Models
  artifactKey: Guid(bf6156af3a0f99248b9adeaf2ca8ad85) Importer(815301076,1909f56bfc062723c751e8b465ee728b)
Start importing Assets/Zololgo/PaperLands Winter Village/Models using Guid(bf6156af3a0f99248b9adeaf2ca8ad85) Importer(815301076,1909f56bfc062723c751e8b465ee728b)  -> (artifact id: '9effae3193f290bcaac94b1d76952618') in 0.007303 seconds
  Import took 0.010771 seconds .

========================================================================
Received Import Request.
  Time since last request: 0.001204 seconds.
  path: Assets/Zololgo/PaperLands Winter Village/Models
  artifactKey: Guid(bf6156af3a0f99248b9adeaf2ca8ad85) Importer(815301076,1909f56bfc062723c751e8b465ee728b)
Start importing Assets/Zololgo/PaperLands Winter Village/Models using Guid(bf6156af3a0f99248b9adeaf2ca8ad85) Importer(815301076,1909f56bfc062723c751e8b465ee728b)  -> (artifact id: '9effae3193f290bcaac94b1d76952618') in 0.004150 seconds
  Import took 0.006619 seconds .

========================================================================
Received Import Request.
  Time since last request: 0.047082 seconds.
  path: Assets/Zololgo/PaperLands Winter Village/Models/church.dae
  artifactKey: Guid(5b9b823905acc424ead396d4d40c4c6b) Importer(815301076,1909f56bfc062723c751e8b465ee728b)
Start importing Assets/Zololgo/PaperLands Winter Village/Models/church.dae using Guid(5b9b823905acc424ead396d4d40c4c6b) Importer(815301076,1909f56bfc062723c751e8b465ee728b)  -> (artifact id: '221dbcc7b43d331d625472727010e439') in 0.005554 seconds
  Import took 0.008121 seconds .

========================================================================
Received Import Request.
  Time since last request: 0.000179 seconds.
  path: Assets/Zololgo/PaperLands Winter Village/Models/house_simple_02.dae
  artifactKey: Guid(1822cc5917e01ca4d84477b1489c774a) Importer(815301076,1909f56bfc062723c751e8b465ee728b)
Start importing Assets/Zololgo/PaperLands Winter Village/Models/house_simple_02.dae using Guid(1822cc5917e01ca4d84477b1489c774a) Importer(815301076,1909f56bfc062723c751e8b465ee728b)  -> (artifact id: '4d17d40f8e9bbb6f413e54b7378ff7d0') in 0.003257 seconds
  Import took 0.004928 seconds .

========================================================================
Received Import Request.
  Time since last request: 0.000136 seconds.
  path: Assets/Zololgo/PaperLands Winter Village/Models/rock_small_01.dae
  artifactKey: Guid(d5856ce13fb4a2746a39e12d6a63bb15) Importer(815301076,1909f56bfc062723c751e8b465ee728b)
Start importing Assets/Zololgo/PaperLands Winter Village/Models/rock_small_01.dae using Guid(d5856ce13fb4a2746a39e12d6a63bb15) Importer(815301076,1909f56bfc062723c751e8b465ee728b)  -> (artifact id: '66a4cfaf56d2e7078961a70ec06077ee') in 0.003322 seconds
  Import took 0.005105 seconds .

========================================================================
Received Import Request.
  Time since last request: 0.000216 seconds.
  path: Assets/Zololgo/PaperLands Winter Village/Models/ground_01.dae
  artifactKey: Guid(b53b351f2ca4151439052260103be5d6) Importer(815301076,1909f56bfc062723c751e8b465ee728b)
Start importing Assets/Zololgo/PaperLands Winter Village/Models/ground_01.dae using Guid(b53b351f2ca4151439052260103be5d6) Importer(815301076,1909f56bfc062723c751e8b465ee728b)  -> (artifact id: 'b48b1f0118f35ef65fc19ec496606269') in 0.003630 seconds
  Import took 0.006213 seconds .

========================================================================
Received Import Request.
  Time since last request: 0.000305 seconds.
  path: Assets/Zololgo/PaperLands Winter Village/Models/road_snowy_01.dae
  artifactKey: Guid(c0d88e7c2988f2f4b872f230118655f1) Importer(815301076,1909f56bfc062723c751e8b465ee728b)
Start importing Assets/Zololgo/PaperLands Winter Village/Models/road_snowy_01.dae using Guid(c0d88e7c2988f2f4b872f230118655f1) Importer(815301076,1909f56bfc062723c751e8b465ee728b)  -> (artifact id: '62e9c0a26817251a18e4c587ac9b0e46') in 0.005011 seconds
  Import took 0.007356 seconds .

========================================================================
Received Import Request.
  Time since last request: 0.000191 seconds.
  path: Assets/Zololgo/PaperLands Winter Village/Models/pine_tall_decorated_01.dae
  artifactKey: Guid(35ccfa658b0a3b347a2ea1007413b1e3) Importer(815301076,1909f56bfc062723c751e8b465ee728b)
Start importing Assets/Zololgo/PaperLands Winter Village/Models/pine_tall_decorated_01.dae using Guid(35ccfa658b0a3b347a2ea1007413b1e3) Importer(815301076,1909f56bfc062723c751e8b465ee728b)  -> (artifact id: 'abd5423ef1333194c3325c5cf2c40b1c') in 0.003845 seconds
  Import took 0.005592 seconds .

========================================================================
Received Import Request.
  Time since last request: 0.000263 seconds.
  path: Assets/Zololgo/PaperLands Winter Village/Models/firewoods_01.dae
  artifactKey: Guid(72e7e1d92e0ea894580188b70e90879c) Importer(815301076,1909f56bfc062723c751e8b465ee728b)
Start importing Assets/Zololgo/PaperLands Winter Village/Models/firewoods_01.dae using Guid(72e7e1d92e0ea894580188b70e90879c) Importer(815301076,1909f56bfc062723c751e8b465ee728b)  -> (artifact id: '74ed7d649f8fedd283b31effae91be2a') in 0.004314 seconds
  Import took 0.007410 seconds .

========================================================================
Received Import Request.
  Time since last request: 0.000385 seconds.
  path: Assets/Zololgo/PaperLands Winter Village/Models/fence_snowy_01.dae
  artifactKey: Guid(95c8990e4071d1f4ba17b9895d9383c5) Importer(815301076,1909f56bfc062723c751e8b465ee728b)
Start importing Assets/Zololgo/PaperLands Winter Village/Models/fence_snowy_01.dae using Guid(95c8990e4071d1f4ba17b9895d9383c5) Importer(815301076,1909f56bfc062723c751e8b465ee728b)  -> (artifact id: '6ce77ab4322a1af084dd2db18f71fc28') in 0.005050 seconds
  Import took 0.007639 seconds .

========================================================================
Received Import Request.
  Time since last request: 0.000253 seconds.
  path: Assets/Zololgo/PaperLands Winter Village/Models/snowman_01.dae
  artifactKey: Guid(67c0d4b701d2dfc4db4eb1f571616966) Importer(815301076,1909f56bfc062723c751e8b465ee728b)
Start importing Assets/Zololgo/PaperLands Winter Village/Models/snowman_01.dae using Guid(67c0d4b701d2dfc4db4eb1f571616966) Importer(815301076,1909f56bfc062723c751e8b465ee728b)  -> (artifact id: '860b37f98bfffcb025c129e6f8bb183a') in 0.005104 seconds
  Import took 0.007014 seconds .

========================================================================
Received Import Request.
  Time since last request: 0.000314 seconds.
  path: Assets/Zololgo/PaperLands Winter Village/Models/cliff_02.dae
  artifactKey: Guid(94ce25a6df8d1084ebc3309332d68464) Importer(815301076,1909f56bfc062723c751e8b465ee728b)
Start importing Assets/Zololgo/PaperLands Winter Village/Models/cliff_02.dae using Guid(94ce25a6df8d1084ebc3309332d68464) Importer(815301076,1909f56bfc062723c751e8b465ee728b)  -> (artifact id: '315f86f2988ade3d1543b117880152e5') in 0.003779 seconds
  Import took 0.006579 seconds .

========================================================================
Received Import Request.
  Time since last request: 0.000396 seconds.
  path: Assets/Zololgo/PaperLands Winter Village/Models/rock_group_04.dae
  artifactKey: Guid(deee736acd2c98d46b071aef52635fc8) Importer(815301076,1909f56bfc062723c751e8b465ee728b)
Start importing Assets/Zololgo/PaperLands Winter Village/Models/rock_group_04.dae using Guid(deee736acd2c98d46b071aef52635fc8) Importer(815301076,1909f56bfc062723c751e8b465ee728b)  -> (artifact id: 'cebf16b58efa14b70a941bbc49cc8a93') in 0.005039 seconds
  Import took 0.006991 seconds .

========================================================================
Received Import Request.
  Time since last request: 0.000208 seconds.
  path: Assets/Zololgo/PaperLands Winter Village/Models/pine_small_snowy_01.dae
  artifactKey: Guid(5ac02dd5ec694f449879b22c9d392202) Importer(815301076,1909f56bfc062723c751e8b465ee728b)
Start importing Assets/Zololgo/PaperLands Winter Village/Models/pine_small_snowy_01.dae using Guid(5ac02dd5ec694f449879b22c9d392202) Importer(815301076,1909f56bfc062723c751e8b465ee728b)  -> (artifact id: '33e48986df505e042f2de8e460f4b2c2') in 0.003532 seconds
  Import took 0.005606 seconds .

========================================================================
Received Import Request.
  Time since last request: 0.000285 seconds.
  path: Assets/Zololgo/PaperLands Winter Village/Models/house_simple_03.dae
  artifactKey: Guid(e0cb36c9d06361c46877aec0187ada0c) Importer(815301076,1909f56bfc062723c751e8b465ee728b)
Start importing Assets/Zololgo/PaperLands Winter Village/Models/house_simple_03.dae using Guid(e0cb36c9d06361c46877aec0187ada0c) Importer(815301076,1909f56bfc062723c751e8b465ee728b)  -> (artifact id: 'f726566aecdb5eebb97ed2dfaed94c93') in 0.004838 seconds
  Import took 0.006991 seconds .

========================================================================
Received Import Request.
  Time since last request: 0.000200 seconds.
  path: Assets/Zololgo/PaperLands Winter Village/Models/house_long_01.dae
  artifactKey: Guid(fa47e779f2065a14caf8d28385e3edef) Importer(815301076,1909f56bfc062723c751e8b465ee728b)
Start importing Assets/Zololgo/PaperLands Winter Village/Models/house_long_01.dae using Guid(fa47e779f2065a14caf8d28385e3edef) Importer(815301076,1909f56bfc062723c751e8b465ee728b)  -> (artifact id: '67099567f19d9c7291f3910dda4018b3') in 0.004700 seconds
  Import took 0.006527 seconds .

========================================================================
Received Import Request.
  Time since last request: 0.000215 seconds.
  path: Assets/Zololgo/PaperLands Winter Village/Models/house_long_02.dae
  artifactKey: Guid(18e6a3c59bb1ebe43987e57bf5fe15ae) Importer(815301076,1909f56bfc062723c751e8b465ee728b)
Start importing Assets/Zololgo/PaperLands Winter Village/Models/house_long_02.dae using Guid(18e6a3c59bb1ebe43987e57bf5fe15ae) Importer(815301076,1909f56bfc062723c751e8b465ee728b)  -> (artifact id: 'c3727d9c6a5ff0bdd47d8253be90413d') in 0.003427 seconds
  Import took 0.005179 seconds .

========================================================================
Received Import Request.
  Time since last request: 0.000171 seconds.
  path: Assets/Zololgo/PaperLands Winter Village/Models/cliff_03.dae
  artifactKey: Guid(5fe26b933e0481341bda9dc2a7e77ae3) Importer(815301076,1909f56bfc062723c751e8b465ee728b)
Start importing Assets/Zololgo/PaperLands Winter Village/Models/cliff_03.dae using Guid(5fe26b933e0481341bda9dc2a7e77ae3) Importer(815301076,1909f56bfc062723c751e8b465ee728b)  -> (artifact id: 'fa4ac7f2484c06cea961a315225f15cb') in 0.004174 seconds
  Import took 0.006579 seconds .

========================================================================
Received Import Request.
  Time since last request: 0.000249 seconds.
  path: Assets/Zololgo/PaperLands Winter Village/Models/cliff_group_01.dae
  artifactKey: Guid(edc5c4e8d7c1e9e4d9f5bbbb622659f4) Importer(815301076,1909f56bfc062723c751e8b465ee728b)
Start importing Assets/Zololgo/PaperLands Winter Village/Models/cliff_group_01.dae using Guid(edc5c4e8d7c1e9e4d9f5bbbb622659f4) Importer(815301076,1909f56bfc062723c751e8b465ee728b)  -> (artifact id: '4fa2f5d2ca3dd72698544dbdd90802e7') in 0.004891 seconds
  Import took 0.007424 seconds .

========================================================================
Received Import Request.
  Time since last request: 0.000206 seconds.
  path: Assets/Zololgo/PaperLands Winter Village/Models/house_simple_04.dae
  artifactKey: Guid(994254d7968039547bceffa12d2880c1) Importer(815301076,1909f56bfc062723c751e8b465ee728b)
Start importing Assets/Zololgo/PaperLands Winter Village/Models/house_simple_04.dae using Guid(994254d7968039547bceffa12d2880c1) Importer(815301076,1909f56bfc062723c751e8b465ee728b)  -> (artifact id: '61b4532c8dab2ac3193ff0b8d5b9d27b') in 0.003939 seconds
  Import took 0.006135 seconds .

========================================================================
Received Import Request.
  Time since last request: 0.000687 seconds.
  path: Assets/Zololgo/PaperLands Winter Village/Models/pine_tall_01.dae
  artifactKey: Guid(e11cdb81911d39d4db86682653fc2912) Importer(815301076,1909f56bfc062723c751e8b465ee728b)
Start importing Assets/Zololgo/PaperLands Winter Village/Models/pine_tall_01.dae using Guid(e11cdb81911d39d4db86682653fc2912) Importer(815301076,1909f56bfc062723c751e8b465ee728b)  -> (artifact id: '0dae82c38aeb4db87b2259a05dd16129') in 0.004199 seconds
  Import took 0.007245 seconds .

========================================================================
Received Import Request.
  Time since last request: 0.000212 seconds.
  path: Assets/Zololgo/PaperLands Winter Village/Models/stars.dae
  artifactKey: Guid(e90652065ff84fc4a80bdea91c76719f) Importer(815301076,1909f56bfc062723c751e8b465ee728b)
Start importing Assets/Zololgo/PaperLands Winter Village/Models/stars.dae using Guid(e90652065ff84fc4a80bdea91c76719f) Importer(815301076,1909f56bfc062723c751e8b465ee728b)  -> (artifact id: '9dbcbe86f6a26791d864a7b64b62b46d') in 0.003899 seconds
  Import took 0.006139 seconds .

========================================================================
Received Import Request.
  Time since last request: 0.000224 seconds.
  path: Assets/Zololgo/PaperLands Winter Village/Models/rock_group_01.dae
  artifactKey: Guid(ccfbed35c83731a4c88828831eedc3f8) Importer(815301076,1909f56bfc062723c751e8b465ee728b)
Start importing Assets/Zololgo/PaperLands Winter Village/Models/rock_group_01.dae using Guid(ccfbed35c83731a4c88828831eedc3f8) Importer(815301076,1909f56bfc062723c751e8b465ee728b)  -> (artifact id: '69f333ac8ee6484ae1a19844d5c3b0e1') in 0.005031 seconds
  Import took 0.006875 seconds .

========================================================================
Received Import Request.
  Time since last request: 0.000287 seconds.
  path: Assets/Zololgo/PaperLands Winter Village/Models/rock_group_small_03.dae
  artifactKey: Guid(c4cb5de65d58f514a8bc92aec9db558d) Importer(815301076,1909f56bfc062723c751e8b465ee728b)
Start importing Assets/Zololgo/PaperLands Winter Village/Models/rock_group_small_03.dae using Guid(c4cb5de65d58f514a8bc92aec9db558d) Importer(815301076,1909f56bfc062723c751e8b465ee728b)  -> (artifact id: '4c8dd5daba6cd1d0b9cc44deeb6690b2') in 0.004919 seconds
  Import took 0.007195 seconds .

========================================================================
Received Import Request.
  Time since last request: 0.000329 seconds.
  path: Assets/Zololgo/PaperLands Winter Village/Models/clifftop_01.dae
  artifactKey: Guid(0f7b59dd8e7b2a84fa9e62451ecf7197) Importer(815301076,1909f56bfc062723c751e8b465ee728b)
Start importing Assets/Zololgo/PaperLands Winter Village/Models/clifftop_01.dae using Guid(0f7b59dd8e7b2a84fa9e62451ecf7197) Importer(815301076,1909f56bfc062723c751e8b465ee728b)  -> (artifact id: '30a37fd39c83b50a07c9ec8b1c5f9a88') in 0.004627 seconds
  Import took 0.006559 seconds .

========================================================================
Received Import Request.
  Time since last request: 0.000252 seconds.
  path: Assets/Zololgo/PaperLands Winter Village/Models/pine_medium_snowy_01.dae
  artifactKey: Guid(164dbf1daddbf004faa630958438df37) Importer(815301076,1909f56bfc062723c751e8b465ee728b)
Start importing Assets/Zololgo/PaperLands Winter Village/Models/pine_medium_snowy_01.dae using Guid(164dbf1daddbf004faa630958438df37) Importer(815301076,1909f56bfc062723c751e8b465ee728b)  -> (artifact id: 'ba5205403a5c6d18a2db3f77347ed4ee') in 0.003572 seconds
  Import took 0.005514 seconds .

========================================================================
Received Import Request.
  Time since last request: 0.000259 seconds.
  path: Assets/Zololgo/PaperLands Winter Village/Models/rock_group_small_02.dae
  artifactKey: Guid(81000be8b9a908743947c32092241c95) Importer(815301076,1909f56bfc062723c751e8b465ee728b)
Start importing Assets/Zololgo/PaperLands Winter Village/Models/rock_group_small_02.dae using Guid(81000be8b9a908743947c32092241c95) Importer(815301076,1909f56bfc062723c751e8b465ee728b)  -> (artifact id: '4bc6d08ee33d9262d84c5aed27790789') in 0.005960 seconds
  Import took 0.010047 seconds .

========================================================================
Received Import Request.
  Time since last request: 0.000297 seconds.
  path: Assets/Zololgo/PaperLands Winter Village/Models/fence_snowy_03.dae
  artifactKey: Guid(aca373021175c234f80755b83f225c50) Importer(815301076,1909f56bfc062723c751e8b465ee728b)
Start importing Assets/Zololgo/PaperLands Winter Village/Models/fence_snowy_03.dae using Guid(aca373021175c234f80755b83f225c50) Importer(815301076,1909f56bfc062723c751e8b465ee728b)  -> (artifact id: '3c4bf10912ed8a7a46d98e9d18eb27be') in 0.003737 seconds
  Import took 0.005708 seconds .

========================================================================
Received Import Request.
  Time since last request: 0.000241 seconds.
  path: Assets/Zololgo/PaperLands Winter Village/Models/pine_small_01.dae
  artifactKey: Guid(bff512fde6c8ae64ca2ff9be5c524459) Importer(815301076,1909f56bfc062723c751e8b465ee728b)
Start importing Assets/Zololgo/PaperLands Winter Village/Models/pine_small_01.dae using Guid(bff512fde6c8ae64ca2ff9be5c524459) Importer(815301076,1909f56bfc062723c751e8b465ee728b)  -> (artifact id: '59f652e805209aa9624f3a137ce94313') in 0.003711 seconds
  Import took 0.006417 seconds .

========================================================================
Received Import Request.
  Time since last request: 0.000495 seconds.
  path: Assets/Zololgo/PaperLands Winter Village/Models/pine_tall_snowy_01.dae
  artifactKey: Guid(86dc0687e554bc74dac42727eee9e33a) Importer(815301076,1909f56bfc062723c751e8b465ee728b)
Start importing Assets/Zololgo/PaperLands Winter Village/Models/pine_tall_snowy_01.dae using Guid(86dc0687e554bc74dac42727eee9e33a) Importer(815301076,1909f56bfc062723c751e8b465ee728b)  -> (artifact id: '87bdf8f2d8a9d2f69dd84f173501dd65') in 0.003785 seconds
  Import took 0.007325 seconds .

========================================================================
Received Import Request.
  Time since last request: 0.000221 seconds.
  path: Assets/Zololgo/PaperLands Winter Village/Models/rock_group_03.dae
  artifactKey: Guid(9f6ce3f0e6c86074eb1e56f0310f795d) Importer(815301076,1909f56bfc062723c751e8b465ee728b)
Start importing Assets/Zololgo/PaperLands Winter Village/Models/rock_group_03.dae using Guid(9f6ce3f0e6c86074eb1e56f0310f795d) Importer(815301076,1909f56bfc062723c751e8b465ee728b)  -> (artifact id: '2d1a8d5ffa7a42cbb36b80ac8b670c3f') in 0.003838 seconds
  Import took 0.005799 seconds .

========================================================================
Received Import Request.
  Time since last request: 0.000331 seconds.
  path: Assets/Zololgo/PaperLands Winter Village/Models/snow_pile_01.dae
  artifactKey: Guid(2b9c370f9498dbb48bcf1b1110703f26) Importer(815301076,1909f56bfc062723c751e8b465ee728b)
Start importing Assets/Zololgo/PaperLands Winter Village/Models/snow_pile_01.dae using Guid(2b9c370f9498dbb48bcf1b1110703f26) Importer(815301076,1909f56bfc062723c751e8b465ee728b)  -> (artifact id: 'e0f08ccdfca91d02b8b0027a11cd4451') in 0.005940 seconds
  Import took 0.008112 seconds .

========================================================================
Received Import Request.
  Time since last request: 0.000296 seconds.
  path: Assets/Zololgo/PaperLands Winter Village/Models/rock_group_02.dae
  artifactKey: Guid(2924a7e87ea92614486b3a21d4c2e0fb) Importer(815301076,1909f56bfc062723c751e8b465ee728b)
Start importing Assets/Zololgo/PaperLands Winter Village/Models/rock_group_02.dae using Guid(2924a7e87ea92614486b3a21d4c2e0fb) Importer(815301076,1909f56bfc062723c751e8b465ee728b)  -> (artifact id: '40a85f3d7d3b04d22d07846d5854e739') in 0.003759 seconds
  Import took 0.005651 seconds .

========================================================================
Received Import Request.
  Time since last request: 0.000327 seconds.
  path: Assets/Zololgo/PaperLands Winter Village/Models/streetlamp_02.dae
  artifactKey: Guid(0c9fe424fedd4dd47ad2a24feeab4438) Importer(815301076,1909f56bfc062723c751e8b465ee728b)
Start importing Assets/Zololgo/PaperLands Winter Village/Models/streetlamp_02.dae using Guid(0c9fe424fedd4dd47ad2a24feeab4438) Importer(815301076,1909f56bfc062723c751e8b465ee728b)  -> (artifact id: 'cb471a65d56143fbea8fbd2baa5978e5') in 0.003414 seconds
  Import took 0.006307 seconds .

========================================================================
Received Import Request.
  Time since last request: 0.000322 seconds.
  path: Assets/Zololgo/PaperLands Winter Village/Models/house_simple_01.dae
  artifactKey: Guid(f0fed25c9e9e34c478a5c35a79c26d14) Importer(815301076,1909f56bfc062723c751e8b465ee728b)
Start importing Assets/Zololgo/PaperLands Winter Village/Models/house_simple_01.dae using Guid(f0fed25c9e9e34c478a5c35a79c26d14) Importer(815301076,1909f56bfc062723c751e8b465ee728b)  -> (artifact id: '6a1ec96c376fef42ecf1de38415e50f4') in 0.005246 seconds
  Import took 0.007555 seconds .

========================================================================
Received Import Request.
  Time since last request: 0.000227 seconds.
  path: Assets/Zololgo/PaperLands Winter Village/Models/rock_group_small_01.dae
  artifactKey: Guid(62a16b7fded7ec0418b5b10108a545f2) Importer(815301076,1909f56bfc062723c751e8b465ee728b)
Start importing Assets/Zololgo/PaperLands Winter Village/Models/rock_group_small_01.dae using Guid(62a16b7fded7ec0418b5b10108a545f2) Importer(815301076,1909f56bfc062723c751e8b465ee728b)  -> (artifact id: 'cc06f616a4b309266ab9a5848c0d31e9') in 0.004059 seconds
  Import took 0.005934 seconds .

========================================================================
Received Import Request.
  Time since last request: 0.000234 seconds.
  path: Assets/Zololgo/PaperLands Winter Village/Models/rock_medium_02.dae
  artifactKey: Guid(4e85afcf981c63044907675f59a9edc5) Importer(815301076,1909f56bfc062723c751e8b465ee728b)
Start importing Assets/Zololgo/PaperLands Winter Village/Models/rock_medium_02.dae using Guid(4e85afcf981c63044907675f59a9edc5) Importer(815301076,1909f56bfc062723c751e8b465ee728b)  -> (artifact id: 'd203684c6ad713068be4311f6e813cb9') in 0.004985 seconds
  Import took 0.007792 seconds .

========================================================================
Received Import Request.
  Time since last request: 0.000236 seconds.
  path: Assets/Zololgo/PaperLands Winter Village/Models/ground_02.dae
  artifactKey: Guid(258809842ec428945a1deec40151c75c) Importer(815301076,1909f56bfc062723c751e8b465ee728b)
Start importing Assets/Zololgo/PaperLands Winter Village/Models/ground_02.dae using Guid(258809842ec428945a1deec40151c75c) Importer(815301076,1909f56bfc062723c751e8b465ee728b)  -> (artifact id: '043f2887c89958cf59770392dee8b888') in 0.004253 seconds
  Import took 0.006209 seconds .

========================================================================
Received Import Request.
  Time since last request: 0.000256 seconds.
  path: Assets/Zololgo/PaperLands Winter Village/Models/pine_medium_01.dae
  artifactKey: Guid(39cc0911e071edc41b4a597c8c9cf409) Importer(815301076,1909f56bfc062723c751e8b465ee728b)
Start importing Assets/Zololgo/PaperLands Winter Village/Models/pine_medium_01.dae using Guid(39cc0911e071edc41b4a597c8c9cf409) Importer(815301076,1909f56bfc062723c751e8b465ee728b)  -> (artifact id: '3f5ca61e4478111430e9d4eff87af04b') in 0.004814 seconds
  Import took 0.006991 seconds .

========================================================================
Received Import Request.
  Time since last request: 0.000404 seconds.
  path: Assets/Zololgo/PaperLands Winter Village/Models/rock_medium_01.dae
  artifactKey: Guid(73f69759cfddd5e4fa7c152c15e6300e) Importer(815301076,1909f56bfc062723c751e8b465ee728b)
Start importing Assets/Zololgo/PaperLands Winter Village/Models/rock_medium_01.dae using Guid(73f69759cfddd5e4fa7c152c15e6300e) Importer(815301076,1909f56bfc062723c751e8b465ee728b)  -> (artifact id: '3c233b9bb8696210b382012871d48d3a') in 0.004019 seconds
  Import took 0.006441 seconds .

========================================================================
Received Import Request.
  Time since last request: 0.000242 seconds.
  path: Assets/Zololgo/PaperLands Winter Village/Models/rock_group_small_04.dae
  artifactKey: Guid(784337d61280dda42adb44b413b8f964) Importer(815301076,1909f56bfc062723c751e8b465ee728b)
Start importing Assets/Zololgo/PaperLands Winter Village/Models/rock_group_small_04.dae using Guid(784337d61280dda42adb44b413b8f964) Importer(815301076,1909f56bfc062723c751e8b465ee728b)  -> (artifact id: '7585b43ca991600a6b880bd74897622e') in 0.003919 seconds
  Import took 0.006913 seconds .

========================================================================
Received Import Request.
  Time since last request: 0.000185 seconds.
  path: Assets/Zololgo/PaperLands Winter Village/Models/streetlamp_01.dae
  artifactKey: Guid(25b0281b4b5170a41a80e9e602dba67f) Importer(815301076,1909f56bfc062723c751e8b465ee728b)
Start importing Assets/Zololgo/PaperLands Winter Village/Models/streetlamp_01.dae using Guid(25b0281b4b5170a41a80e9e602dba67f) Importer(815301076,1909f56bfc062723c751e8b465ee728b)  -> (artifact id: '840bba99ed9e70b856e1cc542f06e5bc') in 0.005005 seconds
  Import took 0.007615 seconds .

========================================================================
Received Import Request.
  Time since last request: 0.000195 seconds.
  path: Assets/Zololgo/PaperLands Winter Village/Models/fence_snowy_02.dae
  artifactKey: Guid(c694a0cffa964ea46bd7533e2cda1f11) Importer(815301076,1909f56bfc062723c751e8b465ee728b)
Start importing Assets/Zololgo/PaperLands Winter Village/Models/fence_snowy_02.dae using Guid(c694a0cffa964ea46bd7533e2cda1f11) Importer(815301076,1909f56bfc062723c751e8b465ee728b)  -> (artifact id: 'f9c6265cbb3cc67a0d0df77147e27434') in 0.004095 seconds
  Import took 0.006045 seconds .

========================================================================
Received Import Request.
  Time since last request: 0.000357 seconds.
  path: Assets/Zololgo/PaperLands Winter Village/Models/rock_small_02.dae
  artifactKey: Guid(96929ded02e560048a6f32c35e4feaad) Importer(815301076,1909f56bfc062723c751e8b465ee728b)
Start importing Assets/Zololgo/PaperLands Winter Village/Models/rock_small_02.dae using Guid(96929ded02e560048a6f32c35e4feaad) Importer(815301076,1909f56bfc062723c751e8b465ee728b)  -> (artifact id: 'a52f70842567a9b268aaa4432ec93259') in 0.003657 seconds
  Import took 0.006618 seconds .

========================================================================
Received Import Request.
  Time since last request: 0.000216 seconds.
  path: Assets/Zololgo/PaperLands Winter Village/Models/cliff_01.dae
  artifactKey: Guid(e742657bb3161be4e9d4c83eb8e2108a) Importer(815301076,1909f56bfc062723c751e8b465ee728b)
Start importing Assets/Zololgo/PaperLands Winter Village/Models/cliff_01.dae using Guid(e742657bb3161be4e9d4c83eb8e2108a) Importer(815301076,1909f56bfc062723c751e8b465ee728b)  -> (artifact id: 'fe607f973efc4c90041f4b629fcc9024') in 0.004808 seconds
  Import took 0.007083 seconds .

========================================================================
Received Import Request.
  Time since last request: 5.035228 seconds.
  path: Assets/Zololgo/PaperLands Winter Village/Particles/chimney_smoke.prefab
  artifactKey: Guid(3eb7ea900708912469ba2ccd7ac1663c) Importer(815301076,1909f56bfc062723c751e8b465ee728b)
Start importing Assets/Zololgo/PaperLands Winter Village/Particles/chimney_smoke.prefab using Guid(3eb7ea900708912469ba2ccd7ac1663c) Importer(815301076,1909f56bfc062723c751e8b465ee728b)  -> (artifact id: '1ceca646a44f282b63c24a2caffe9755') in 0.004783 seconds
  Import took 0.006647 seconds .

========================================================================
Received Import Request.
  Time since last request: 0.000295 seconds.
  path: Assets/Zololgo/PaperLands Winter Village/Particles/falling_snow.prefab
  artifactKey: Guid(adf34b037141b6346b5afdebc3ebe2b2) Importer(815301076,1909f56bfc062723c751e8b465ee728b)
Start importing Assets/Zololgo/PaperLands Winter Village/Particles/falling_snow.prefab using Guid(adf34b037141b6346b5afdebc3ebe2b2) Importer(815301076,1909f56bfc062723c751e8b465ee728b)  -> (artifact id: 'baf122b6eb5796ec53bb3e781e172bed') in 0.008649 seconds
  Import took 0.010537 seconds .

========================================================================
Received Import Request.
  Time since last request: 0.000247 seconds.
  path: Assets/Zololgo/PaperLands Winter Village/Prefabs/Trees/pine_medium_snowy_01.prefab
  artifactKey: Guid(a85d1edc35b2ed049890c1278faf25e0) Importer(815301076,1909f56bfc062723c751e8b465ee728b)
Start importing Assets/Zololgo/PaperLands Winter Village/Prefabs/Trees/pine_medium_snowy_01.prefab using Guid(a85d1edc35b2ed049890c1278faf25e0) Importer(815301076,1909f56bfc062723c751e8b465ee728b)  -> (artifact id: 'a943b16721a4a6ab414c3ab200061abd') in 0.004960 seconds
  Import took 0.006692 seconds .

========================================================================
Received Import Request.
  Time since last request: 0.000208 seconds.
  path: Assets/Zololgo/PaperLands Winter Village/Prefabs/Trees/pine_medium_01.prefab
  artifactKey: Guid(1e66d345b10380549a6c704e7469cd40) Importer(815301076,1909f56bfc062723c751e8b465ee728b)
Start importing Assets/Zololgo/PaperLands Winter Village/Prefabs/Trees/pine_medium_01.prefab using Guid(1e66d345b10380549a6c704e7469cd40) Importer(815301076,1909f56bfc062723c751e8b465ee728b)  -> (artifact id: '1d226edef7dfc2bd41c1622d4d8fb43c') in 0.004544 seconds
  Import took 0.006176 seconds .

========================================================================
Received Import Request.
  Time since last request: 0.000205 seconds.
  path: Assets/Zololgo/PaperLands Winter Village/Prefabs/Buildings/house_long_nightlights_02.prefab
  artifactKey: Guid(5db6a055f739fb445b08f16046d8f5d6) Importer(815301076,1909f56bfc062723c751e8b465ee728b)
Start importing Assets/Zololgo/PaperLands Winter Village/Prefabs/Buildings/house_long_nightlights_02.prefab using Guid(5db6a055f739fb445b08f16046d8f5d6) Importer(815301076,1909f56bfc062723c751e8b465ee728b)  -> (artifact id: 'ab5d5031e36abbf9fb5c36b29ab3ae2e') in 0.005483 seconds
  Import took 0.007425 seconds .

========================================================================
Received Import Request.
  Time since last request: 0.000239 seconds.
  path: Assets/Zololgo/PaperLands Winter Village/Prefabs/Buildings/house_simple_nightlights_02.prefab
  artifactKey: Guid(150cb4b70a28e9f4bb38aeb7fdbca262) Importer(815301076,1909f56bfc062723c751e8b465ee728b)
Start importing Assets/Zololgo/PaperLands Winter Village/Prefabs/Buildings/house_simple_nightlights_02.prefab using Guid(150cb4b70a28e9f4bb38aeb7fdbca262) Importer(815301076,1909f56bfc062723c751e8b465ee728b)  -> (artifact id: '9530b45461ca331ebc351b08ba74bfe6') in 0.005636 seconds
  Import took 0.007947 seconds .

========================================================================
Received Import Request.
  Time since last request: 0.000211 seconds.
  path: Assets/Zololgo/PaperLands Winter Village/Prefabs/Rocks/rock_small_02.prefab
  artifactKey: Guid(22285211884fa0f4fac1852a8719b9d2) Importer(815301076,1909f56bfc062723c751e8b465ee728b)
Start importing Assets/Zololgo/PaperLands Winter Village/Prefabs/Rocks/rock_small_02.prefab using Guid(22285211884fa0f4fac1852a8719b9d2) Importer(815301076,1909f56bfc062723c751e8b465ee728b)  -> (artifact id: '8c7157d02725448c1d343b17bde258af') in 0.006403 seconds
  Import took 0.008554 seconds .

========================================================================
Received Import Request.
  Time since last request: 0.000323 seconds.
  path: Assets/Zololgo/PaperLands Winter Village/Prefabs/Buildings/house_simple_nightlights_03.prefab
  artifactKey: Guid(8b4e04a1023f4f34fbe4c116242ee0dd) Importer(815301076,1909f56bfc062723c751e8b465ee728b)
Start importing Assets/Zololgo/PaperLands Winter Village/Prefabs/Buildings/house_simple_nightlights_03.prefab using Guid(8b4e04a1023f4f34fbe4c116242ee0dd) Importer(815301076,1909f56bfc062723c751e8b465ee728b)  -> (artifact id: 'faac6b661dc6ec372b74ad77218bc1b1') in 0.005540 seconds
  Import took 0.007777 seconds .

========================================================================
Received Import Request.
  Time since last request: 0.000243 seconds.
  path: Assets/Zololgo/PaperLands Winter Village/Prefabs/Misc/stars.prefab
  artifactKey: Guid(ff58661cbc95e11479fbf98af02991ce) Importer(815301076,1909f56bfc062723c751e8b465ee728b)
Start importing Assets/Zololgo/PaperLands Winter Village/Prefabs/Misc/stars.prefab using Guid(ff58661cbc95e11479fbf98af02991ce) Importer(815301076,1909f56bfc062723c751e8b465ee728b)  -> (artifact id: '0ced90e56eb9b0924ff17e98b7a8a899') in 0.005968 seconds
  Import took 0.007864 seconds .

========================================================================
Received Import Request.
  Time since last request: 0.000253 seconds.
  path: Assets/Zololgo/PaperLands Winter Village/Prefabs/Misc/streetlamp_02.prefab
  artifactKey: Guid(600c24d0336837246afd9f9d756e99f1) Importer(815301076,1909f56bfc062723c751e8b465ee728b)
Start importing Assets/Zololgo/PaperLands Winter Village/Prefabs/Misc/streetlamp_02.prefab using Guid(600c24d0336837246afd9f9d756e99f1) Importer(815301076,1909f56bfc062723c751e8b465ee728b)  -> (artifact id: 'd41526371e3cf958d1950901938fedab') in 0.006889 seconds
  Import took 0.008839 seconds .

========================================================================
Received Import Request.
  Time since last request: 0.000227 seconds.
  path: Assets/Zololgo/PaperLands Winter Village/Prefabs/Trees/pine_tall_decorated_01.prefab
  artifactKey: Guid(4de4ac658c9cea7479484fcb0a37d916) Importer(815301076,1909f56bfc062723c751e8b465ee728b)
Start importing Assets/Zololgo/PaperLands Winter Village/Prefabs/Trees/pine_tall_decorated_01.prefab using Guid(4de4ac658c9cea7479484fcb0a37d916) Importer(815301076,1909f56bfc062723c751e8b465ee728b)  -> (artifact id: '27e0b782e5d7a0dec5ab1c3e549f4a87') in 0.006560 seconds
  Import took 0.008513 seconds .

========================================================================
Received Import Request.
  Time since last request: 0.000187 seconds.
  path: Assets/Zololgo/PaperLands Winter Village/Prefabs/Misc/firewoods_01.prefab
  artifactKey: Guid(ddf21a2041be44c4b84c85abb4e4c3a9) Importer(815301076,1909f56bfc062723c751e8b465ee728b)
Start importing Assets/Zololgo/PaperLands Winter Village/Prefabs/Misc/firewoods_01.prefab using Guid(ddf21a2041be44c4b84c85abb4e4c3a9) Importer(815301076,1909f56bfc062723c751e8b465ee728b)  -> (artifact id: '2a46f134b916c2a4e733546081c0a690') in 0.004522 seconds
  Import took 0.006323 seconds .

========================================================================
Received Import Request.
  Time since last request: 0.000197 seconds.
  path: Assets/Zololgo/PaperLands Winter Village/Prefabs/Rocks/rock_group_small_04.prefab
  artifactKey: Guid(20cbaf6c40bb585429373fc411954361) Importer(815301076,1909f56bfc062723c751e8b465ee728b)
Start importing Assets/Zololgo/PaperLands Winter Village/Prefabs/Rocks/rock_group_small_04.prefab using Guid(20cbaf6c40bb585429373fc411954361) Importer(815301076,1909f56bfc062723c751e8b465ee728b)  -> (artifact id: '76b57d252a091584eb14373c4abca604') in 0.007020 seconds
  Import took 0.008976 seconds .

========================================================================
Received Import Request.
  Time since last request: 0.000199 seconds.
  path: Assets/Zololgo/PaperLands Winter Village/Prefabs/Grounds/ground_02.prefab
  artifactKey: Guid(6c79e13c739a75b49b2ebfbf280c68e7) Importer(815301076,1909f56bfc062723c751e8b465ee728b)
Start importing Assets/Zololgo/PaperLands Winter Village/Prefabs/Grounds/ground_02.prefab using Guid(6c79e13c739a75b49b2ebfbf280c68e7) Importer(815301076,1909f56bfc062723c751e8b465ee728b)  -> (artifact id: 'd1735d8756b6acbda1b1cb842eac32a2') in 0.004868 seconds
  Import took 0.007003 seconds .

========================================================================
Received Import Request.
  Time since last request: 0.000199 seconds.
  path: Assets/Zololgo/PaperLands Winter Village/Prefabs/Buildings/house_long_nightlights_01.prefab
  artifactKey: Guid(dfc32ec31ef61ab49a31f3a4f4af24c1) Importer(815301076,1909f56bfc062723c751e8b465ee728b)
Start importing Assets/Zololgo/PaperLands Winter Village/Prefabs/Buildings/house_long_nightlights_01.prefab using Guid(dfc32ec31ef61ab49a31f3a4f4af24c1) Importer(815301076,1909f56bfc062723c751e8b465ee728b)  -> (artifact id: 'a948dca8f0b47f091741a5ca5da35e9c') in 0.005645 seconds
  Import took 0.007616 seconds .

========================================================================
Received Import Request.
  Time since last request: 0.000227 seconds.
  path: Assets/Zololgo/PaperLands Winter Village/Prefabs/Rocks/rock_medium_01.prefab
  artifactKey: Guid(9a9c9f179b956924c82620a22dbbf0fb) Importer(815301076,1909f56bfc062723c751e8b465ee728b)
Start importing Assets/Zololgo/PaperLands Winter Village/Prefabs/Rocks/rock_medium_01.prefab using Guid(9a9c9f179b956924c82620a22dbbf0fb) Importer(815301076,1909f56bfc062723c751e8b465ee728b)  -> (artifact id: '6b59c92e0356a05d75ceed5a314b1488') in 0.006130 seconds
  Import took 0.008107 seconds .

========================================================================
Received Import Request.
  Time since last request: 0.000233 seconds.
  path: Assets/Zololgo/PaperLands Winter Village/Prefabs/Misc/fence_snowy_01.prefab
  artifactKey: Guid(e1b06f4f8f8c96543b5582256c6ee1d5) Importer(815301076,1909f56bfc062723c751e8b465ee728b)
Start importing Assets/Zololgo/PaperLands Winter Village/Prefabs/Misc/fence_snowy_01.prefab using Guid(e1b06f4f8f8c96543b5582256c6ee1d5) Importer(815301076,1909f56bfc062723c751e8b465ee728b)  -> (artifact id: 'd0d300b448ea20e502e85ccf5b342586') in 0.005916 seconds
  Import took 0.008050 seconds .

========================================================================
Received Import Request.
  Time since last request: 0.000347 seconds.
  path: Assets/Zololgo/PaperLands Winter Village/Prefabs/Misc/snow_pile_01.prefab
  artifactKey: Guid(0df6ac81c882d1f46adb5cc93b890bad) Importer(815301076,1909f56bfc062723c751e8b465ee728b)
Start importing Assets/Zololgo/PaperLands Winter Village/Prefabs/Misc/snow_pile_01.prefab using Guid(0df6ac81c882d1f46adb5cc93b890bad) Importer(815301076,1909f56bfc062723c751e8b465ee728b)  -> (artifact id: 'a7e93b488bcea57ae77c61bea6ef54ca') in 0.004779 seconds
  Import took 0.007177 seconds .

========================================================================
Received Import Request.
  Time since last request: 0.000286 seconds.
  path: Assets/Zololgo/PaperLands Winter Village/Prefabs/Rocks/rock_group_02.prefab
  artifactKey: Guid(6a0f5a64ae5622e4aa25e55be091e25f) Importer(815301076,1909f56bfc062723c751e8b465ee728b)
Start importing Assets/Zololgo/PaperLands Winter Village/Prefabs/Rocks/rock_group_02.prefab using Guid(6a0f5a64ae5622e4aa25e55be091e25f) Importer(815301076,1909f56bfc062723c751e8b465ee728b)  -> (artifact id: 'a677468ee3a03327ac259cbc48827018') in 0.006093 seconds
  Import took 0.008382 seconds .

========================================================================
Received Import Request.
  Time since last request: 0.000232 seconds.
  path: Assets/Zololgo/PaperLands Winter Village/Prefabs/Grounds/ground_01.prefab
  artifactKey: Guid(9b68d0bab0322e44792a25b4305c663b) Importer(815301076,1909f56bfc062723c751e8b465ee728b)
Start importing Assets/Zololgo/PaperLands Winter Village/Prefabs/Grounds/ground_01.prefab using Guid(9b68d0bab0322e44792a25b4305c663b) Importer(815301076,1909f56bfc062723c751e8b465ee728b)  -> (artifact id: 'd9476d7eed70f844ee4157a8c7e9c179') in 0.004550 seconds
  Import took 0.006693 seconds .

========================================================================
Received Import Request.
  Time since last request: 0.000234 seconds.
  path: Assets/Zololgo/PaperLands Winter Village/Prefabs/Buildings/house_simple_nightlights_01.prefab
  artifactKey: Guid(7fecee1c8ed628944be53e7c96c12e77) Importer(815301076,1909f56bfc062723c751e8b465ee728b)
Start importing Assets/Zololgo/PaperLands Winter Village/Prefabs/Buildings/house_simple_nightlights_01.prefab using Guid(7fecee1c8ed628944be53e7c96c12e77) Importer(815301076,1909f56bfc062723c751e8b465ee728b)  -> (artifact id: '85021e203073218b025ea702a3c11352') in 0.007367 seconds
  Import took 0.009318 seconds .

========================================================================
Received Import Request.
  Time since last request: 0.000225 seconds.
  path: Assets/Zololgo/PaperLands Winter Village/Prefabs/Buildings/house_long_02.prefab
  artifactKey: Guid(2b8c321fa7173944f9d9962142a838c4) Importer(815301076,1909f56bfc062723c751e8b465ee728b)
Start importing Assets/Zololgo/PaperLands Winter Village/Prefabs/Buildings/house_long_02.prefab using Guid(2b8c321fa7173944f9d9962142a838c4) Importer(815301076,1909f56bfc062723c751e8b465ee728b)  -> (artifact id: 'c205b4436aa8c255e861570f840c631f') in 0.004756 seconds
  Import took 0.006565 seconds .

========================================================================
Received Import Request.
  Time since last request: 0.000250 seconds.
  path: Assets/Zololgo/PaperLands Winter Village/Prefabs/Rocks/rock_group_04.prefab
  artifactKey: Guid(6717fe1db9072054d86d61915664719b) Importer(815301076,1909f56bfc062723c751e8b465ee728b)
Start importing Assets/Zololgo/PaperLands Winter Village/Prefabs/Rocks/rock_group_04.prefab using Guid(6717fe1db9072054d86d61915664719b) Importer(815301076,1909f56bfc062723c751e8b465ee728b)  -> (artifact id: '13a05f9532ccc6517837406c948b0e43') in 0.004954 seconds
  Import took 0.007741 seconds .

========================================================================
Received Import Request.
  Time since last request: 0.000217 seconds.
  path: Assets/Zololgo/PaperLands Winter Village/Prefabs/Buildings/house_simple_04.prefab
  artifactKey: Guid(9c0ea8d8fcae9b54495e54ac092e6ccf) Importer(815301076,1909f56bfc062723c751e8b465ee728b)
Start importing Assets/Zololgo/PaperLands Winter Village/Prefabs/Buildings/house_simple_04.prefab using Guid(9c0ea8d8fcae9b54495e54ac092e6ccf) Importer(815301076,1909f56bfc062723c751e8b465ee728b)  -> (artifact id: '23f9ed6059369db1cf7204daea2de822') in 0.005726 seconds
  Import took 0.007617 seconds .

========================================================================
Received Import Request.
  Time since last request: 0.000230 seconds.
  path: Assets/Zololgo/PaperLands Winter Village/Prefabs/Misc/fence_snowy_02.prefab
  artifactKey: Guid(20b8224cf30b7774ab049e18bd8c6cca) Importer(815301076,1909f56bfc062723c751e8b465ee728b)
Start importing Assets/Zololgo/PaperLands Winter Village/Prefabs/Misc/fence_snowy_02.prefab using Guid(20b8224cf30b7774ab049e18bd8c6cca) Importer(815301076,1909f56bfc062723c751e8b465ee728b)  -> (artifact id: 'a9831fafe218f2308f1e56f0916d32ab') in 0.005297 seconds
  Import took 0.008495 seconds .

========================================================================
Received Import Request.
  Time since last request: 0.000290 seconds.
  path: Assets/Zololgo/PaperLands Winter Village/Prefabs/Buildings/house_simple_02.prefab
  artifactKey: Guid(9763b3c03595b0646a53e5f76c3a8b76) Importer(815301076,1909f56bfc062723c751e8b465ee728b)
Start importing Assets/Zololgo/PaperLands Winter Village/Prefabs/Buildings/house_simple_02.prefab using Guid(9763b3c03595b0646a53e5f76c3a8b76) Importer(815301076,1909f56bfc062723c751e8b465ee728b)  -> (artifact id: 'a9bf89e086c4fddf5ae4764dd2208adb') in 0.004654 seconds
  Import took 0.006951 seconds .

========================================================================
Received Import Request.
  Time since last request: 0.000272 seconds.
  path: Assets/Zololgo/PaperLands Winter Village/Prefabs/Rocks/rock_group_small_01.prefab
  artifactKey: Guid(3b7a989fdd2c36841a7399028dc66d73) Importer(815301076,1909f56bfc062723c751e8b465ee728b)
Start importing Assets/Zololgo/PaperLands Winter Village/Prefabs/Rocks/rock_group_small_01.prefab using Guid(3b7a989fdd2c36841a7399028dc66d73) Importer(815301076,1909f56bfc062723c751e8b465ee728b)  -> (artifact id: 'd15c927d12420ec81aca0b0361ba4ee6') in 0.005596 seconds
  Import took 0.009372 seconds .

========================================================================
Received Import Request.
  Time since last request: 0.000230 seconds.
  path: Assets/Zololgo/PaperLands Winter Village/Prefabs/Buildings/church.prefab
  artifactKey: Guid(a9a4fe2cf93dc4441bc561a088922f10) Importer(815301076,1909f56bfc062723c751e8b465ee728b)
Start importing Assets/Zololgo/PaperLands Winter Village/Prefabs/Buildings/church.prefab using Guid(a9a4fe2cf93dc4441bc561a088922f10) Importer(815301076,1909f56bfc062723c751e8b465ee728b)  -> (artifact id: '0b9e7fa9d736d04aa6dd7aa69bccde82') in 0.004763 seconds
  Import took 0.006685 seconds .

========================================================================
Received Import Request.
  Time since last request: 0.000189 seconds.
  path: Assets/Zololgo/PaperLands Winter Village/Prefabs/Buildings/house_simple_01.prefab
  artifactKey: Guid(89f7d815015adec4fb10b883d90608a6) Importer(815301076,1909f56bfc062723c751e8b465ee728b)
Start importing Assets/Zololgo/PaperLands Winter Village/Prefabs/Buildings/house_simple_01.prefab using Guid(89f7d815015adec4fb10b883d90608a6) Importer(815301076,1909f56bfc062723c751e8b465ee728b)  -> (artifact id: 'c232fc93e5e53177d7e8b8cfef708e81') in 0.006357 seconds
  Import took 0.008247 seconds .

========================================================================
Received Import Request.
  Time since last request: 0.000222 seconds.
  path: Assets/Zololgo/PaperLands Winter Village/Prefabs/Cliffs/cliff_01.prefab
  artifactKey: Guid(d02a52f9bab83eb489c605dfebaf95ce) Importer(815301076,1909f56bfc062723c751e8b465ee728b)
Start importing Assets/Zololgo/PaperLands Winter Village/Prefabs/Cliffs/cliff_01.prefab using Guid(d02a52f9bab83eb489c605dfebaf95ce) Importer(815301076,1909f56bfc062723c751e8b465ee728b)  -> (artifact id: '6456dc279d35e49a1e1f4037817fff1b') in 0.005810 seconds
  Import took 0.007792 seconds .

========================================================================
Received Import Request.
  Time since last request: 0.000194 seconds.
  path: Assets/Zololgo/PaperLands Winter Village/Prefabs/Cliffs/clifftop_01.prefab
  artifactKey: Guid(166fa84394171cf419c82289de2f2fc2) Importer(815301076,1909f56bfc062723c751e8b465ee728b)
Start importing Assets/Zololgo/PaperLands Winter Village/Prefabs/Cliffs/clifftop_01.prefab using Guid(166fa84394171cf419c82289de2f2fc2) Importer(815301076,1909f56bfc062723c751e8b465ee728b)  -> (artifact id: 'd3dcf68dead04b65205733c38ff23c9b') in 0.004615 seconds
  Import took 0.007713 seconds .

========================================================================
Received Import Request.
  Time since last request: 0.000204 seconds.
  path: Assets/Zololgo/PaperLands Winter Village/Prefabs/Rocks/rock_group_small_03.prefab
  artifactKey: Guid(ba5d8a8a88cd578408eeaad1a61ec75f) Importer(815301076,1909f56bfc062723c751e8b465ee728b)
Start importing Assets/Zololgo/PaperLands Winter Village/Prefabs/Rocks/rock_group_small_03.prefab using Guid(ba5d8a8a88cd578408eeaad1a61ec75f) Importer(815301076,1909f56bfc062723c751e8b465ee728b)  -> (artifact id: '44f563c8f1bd4ba5e785404bc65d6a8d') in 0.006059 seconds
  Import took 0.007961 seconds .

========================================================================
Received Import Request.
  Time since last request: 0.000241 seconds.
  path: Assets/Zololgo/PaperLands Winter Village/Prefabs/Cliffs/cliff_03.prefab
  artifactKey: Guid(2e577f0b9d71c344e9e0c77c9c91ae79) Importer(815301076,1909f56bfc062723c751e8b465ee728b)
Start importing Assets/Zololgo/PaperLands Winter Village/Prefabs/Cliffs/cliff_03.prefab using Guid(2e577f0b9d71c344e9e0c77c9c91ae79) Importer(815301076,1909f56bfc062723c751e8b465ee728b)  -> (artifact id: '3eb70cf697a9378fdcc59f76f940cf57') in 0.005328 seconds
  Import took 0.008509 seconds .

========================================================================
Received Import Request.
  Time since last request: 0.000316 seconds.
  path: Assets/Zololgo/PaperLands Winter Village/Prefabs/Buildings/house_long_01.prefab
  artifactKey: Guid(e5e18d88ba25e7d40a37f48c27b89dab) Importer(815301076,1909f56bfc062723c751e8b465ee728b)
Start importing Assets/Zololgo/PaperLands Winter Village/Prefabs/Buildings/house_long_01.prefab using Guid(e5e18d88ba25e7d40a37f48c27b89dab) Importer(815301076,1909f56bfc062723c751e8b465ee728b)  -> (artifact id: 'c0c3bbd107987158094e437b7c1c969d') in 0.004939 seconds
  Import took 0.007296 seconds .

========================================================================
Received Import Request.
  Time since last request: 0.000558 seconds.
  path: Assets/Zololgo/PaperLands Winter Village/Prefabs/Buildings/house_simple_nightlights_04.prefab
  artifactKey: Guid(f6e634a61f76465419469de216a0df0c) Importer(815301076,1909f56bfc062723c751e8b465ee728b)
Start importing Assets/Zololgo/PaperLands Winter Village/Prefabs/Buildings/house_simple_nightlights_04.prefab using Guid(f6e634a61f76465419469de216a0df0c) Importer(815301076,1909f56bfc062723c751e8b465ee728b)  -> (artifact id: '9146937d93deb2a98e7304534e0d8cb0') in 0.005239 seconds
  Import took 0.008910 seconds .

========================================================================
Received Import Request.
  Time since last request: 0.000203 seconds.
  path: Assets/Zololgo/PaperLands Winter Village/Prefabs/Rocks/rock_small_01.prefab
  artifactKey: Guid(a41693566e2f5ca40802984f734f458f) Importer(815301076,1909f56bfc062723c751e8b465ee728b)
Start importing Assets/Zololgo/PaperLands Winter Village/Prefabs/Rocks/rock_small_01.prefab using Guid(a41693566e2f5ca40802984f734f458f) Importer(815301076,1909f56bfc062723c751e8b465ee728b)  -> (artifact id: '5701f3b33c69981a94fd69b941287679') in 0.004736 seconds
  Import took 0.006866 seconds .

========================================================================
Received Import Request.
  Time since last request: 0.000185 seconds.
  path: Assets/Zololgo/PaperLands Winter Village/Prefabs/Rocks/rock_group_03.prefab
  artifactKey: Guid(a93d6fc412466074a960949444888a1d) Importer(815301076,1909f56bfc062723c751e8b465ee728b)
Start importing Assets/Zololgo/PaperLands Winter Village/Prefabs/Rocks/rock_group_03.prefab using Guid(a93d6fc412466074a960949444888a1d) Importer(815301076,1909f56bfc062723c751e8b465ee728b)  -> (artifact id: '4e7984cbc4bf469673deb104da13ac6f') in 0.006094 seconds
  Import took 0.008038 seconds .

========================================================================
Received Import Request.
  Time since last request: 0.000206 seconds.
  path: Assets/Zololgo/PaperLands Winter Village/Prefabs/Trees/pine_tall_01.prefab
  artifactKey: Guid(cf28940a200ab6c4a956fd7bf2826383) Importer(815301076,1909f56bfc062723c751e8b465ee728b)
Start importing Assets/Zololgo/PaperLands Winter Village/Prefabs/Trees/pine_tall_01.prefab using Guid(cf28940a200ab6c4a956fd7bf2826383) Importer(815301076,1909f56bfc062723c751e8b465ee728b)  -> (artifact id: '5b6ce70bb92c4af61c5353af876e1c2d') in 0.006077 seconds
  Import took 0.008011 seconds .

========================================================================
Received Import Request.
  Time since last request: 0.000252 seconds.
  path: Assets/Zololgo/PaperLands Winter Village/Prefabs/Buildings/house_simple_03.prefab
  artifactKey: Guid(4f2d488708e69554686e2918c54664ea) Importer(815301076,1909f56bfc062723c751e8b465ee728b)
Start importing Assets/Zololgo/PaperLands Winter Village/Prefabs/Buildings/house_simple_03.prefab using Guid(4f2d488708e69554686e2918c54664ea) Importer(815301076,1909f56bfc062723c751e8b465ee728b)  -> (artifact id: '88821f28f7cd21f6ae8d6ef59145b4d4') in 0.004684 seconds
  Import took 0.007382 seconds .

========================================================================
Received Import Request.
  Time since last request: 0.000628 seconds.
  path: Assets/Zololgo/PaperLands Winter Village/Prefabs/Rocks/rock_group_small_02.prefab
  artifactKey: Guid(03a572427418d8a4cbd3b741ca6e4ff3) Importer(815301076,1909f56bfc062723c751e8b465ee728b)
Start importing Assets/Zololgo/PaperLands Winter Village/Prefabs/Rocks/rock_group_small_02.prefab using Guid(03a572427418d8a4cbd3b741ca6e4ff3) Importer(815301076,1909f56bfc062723c751e8b465ee728b)  -> (artifact id: '7bb4031de871e348b3e6a8c34c468292') in 0.005892 seconds
  Import took 0.007876 seconds .

========================================================================
Received Import Request.
  Time since last request: 0.000199 seconds.
  path: Assets/Zololgo/PaperLands Winter Village/Prefabs/Misc/streetlamp_01.prefab
  artifactKey: Guid(2fbfb58e0af74b544a69dcb1b1a5f396) Importer(815301076,1909f56bfc062723c751e8b465ee728b)
Start importing Assets/Zololgo/PaperLands Winter Village/Prefabs/Misc/streetlamp_01.prefab using Guid(2fbfb58e0af74b544a69dcb1b1a5f396) Importer(815301076,1909f56bfc062723c751e8b465ee728b)  -> (artifact id: '6a239dbccec0144ebe84ccfdeb06f806') in 0.005130 seconds
  Import took 0.007866 seconds .

========================================================================
Received Import Request.
  Time since last request: 0.000324 seconds.
  path: Assets/Zololgo/PaperLands Winter Village/Prefabs/Trees/pine_tall_snowy_01.prefab
  artifactKey: Guid(7d88a0a8be53f244b88192f9c7ba255b) Importer(815301076,1909f56bfc062723c751e8b465ee728b)
Start importing Assets/Zololgo/PaperLands Winter Village/Prefabs/Trees/pine_tall_snowy_01.prefab using Guid(7d88a0a8be53f244b88192f9c7ba255b) Importer(815301076,1909f56bfc062723c751e8b465ee728b)  -> (artifact id: '6284f1db9c53d4e6489d5b099f58b50d') in 0.004752 seconds
  Import took 0.006983 seconds .

========================================================================
Received Import Request.
  Time since last request: 0.000215 seconds.
  path: Assets/Zololgo/PaperLands Winter Village/Prefabs/Cliffs/cliff_group_01.prefab
  artifactKey: Guid(edffbc9d9a9991241a2171db706070c9) Importer(815301076,1909f56bfc062723c751e8b465ee728b)
Start importing Assets/Zololgo/PaperLands Winter Village/Prefabs/Cliffs/cliff_group_01.prefab using Guid(edffbc9d9a9991241a2171db706070c9) Importer(815301076,1909f56bfc062723c751e8b465ee728b)  -> (artifact id: 'f705ee73e774d9b4b6da1555eb820141') in 0.005122 seconds
  Import took 0.008174 seconds .

========================================================================
Received Import Request.
  Time since last request: 0.000678 seconds.
  path: Assets/Zololgo/PaperLands Winter Village/Prefabs/Trees/pine_small_01.prefab
  artifactKey: Guid(6c1f57bfa0b96ec46b492924aebc0f99) Importer(815301076,1909f56bfc062723c751e8b465ee728b)
Start importing Assets/Zololgo/PaperLands Winter Village/Prefabs/Trees/pine_small_01.prefab using Guid(6c1f57bfa0b96ec46b492924aebc0f99) Importer(815301076,1909f56bfc062723c751e8b465ee728b)  -> (artifact id: '93c1468ba5ec2438631c712e7014dea4') in 0.005155 seconds
  Import took 0.007171 seconds .

========================================================================
Received Import Request.
  Time since last request: 0.000217 seconds.
  path: Assets/Zololgo/PaperLands Winter Village/Prefabs/Rocks/rock_medium_02.prefab
  artifactKey: Guid(ed3241294c0df294bbed755cf402cbee) Importer(815301076,1909f56bfc062723c751e8b465ee728b)
Start importing Assets/Zololgo/PaperLands Winter Village/Prefabs/Rocks/rock_medium_02.prefab using Guid(ed3241294c0df294bbed755cf402cbee) Importer(815301076,1909f56bfc062723c751e8b465ee728b)  -> (artifact id: '33f7e16d0121602915cba2dd0222cf29') in 0.005868 seconds
  Import took 0.007831 seconds .

========================================================================
Received Import Request.
  Time since last request: 0.000263 seconds.
  path: Assets/Zololgo/PaperLands Winter Village/Prefabs/Misc/fence_snowy_03.prefab
  artifactKey: Guid(57a6a5b7d274897418e1d34a9b768e19) Importer(815301076,1909f56bfc062723c751e8b465ee728b)
Start importing Assets/Zololgo/PaperLands Winter Village/Prefabs/Misc/fence_snowy_03.prefab using Guid(57a6a5b7d274897418e1d34a9b768e19) Importer(815301076,1909f56bfc062723c751e8b465ee728b)  -> (artifact id: 'bd57a0c3a38ff940dd4f2a96cbedca3d') in 0.006061 seconds
  Import took 0.007906 seconds .

========================================================================
Received Import Request.
  Time since last request: 0.000182 seconds.
  path: Assets/Zololgo/PaperLands Winter Village/Prefabs/Grounds/road_snowy_01.prefab
  artifactKey: Guid(771aecee60bc94f4ea8dbb062320c3d8) Importer(815301076,1909f56bfc062723c751e8b465ee728b)
Start importing Assets/Zololgo/PaperLands Winter Village/Prefabs/Grounds/road_snowy_01.prefab using Guid(771aecee60bc94f4ea8dbb062320c3d8) Importer(815301076,1909f56bfc062723c751e8b465ee728b)  -> (artifact id: 'b7b3ab5542f7f58a6cf5404747140aef') in 0.004633 seconds
  Import took 0.006452 seconds .

========================================================================
Received Import Request.
  Time since last request: 0.000164 seconds.
  path: Assets/Zololgo/PaperLands Winter Village/Prefabs/Rocks/rock_group_01.prefab
  artifactKey: Guid(2e2a7dce56b5103498b4694187a2e4e7) Importer(815301076,1909f56bfc062723c751e8b465ee728b)
Start importing Assets/Zololgo/PaperLands Winter Village/Prefabs/Rocks/rock_group_01.prefab using Guid(2e2a7dce56b5103498b4694187a2e4e7) Importer(815301076,1909f56bfc062723c751e8b465ee728b)  -> (artifact id: '3f4c9eada3f77801456ce718d9961114') in 0.007643 seconds
  Import took 0.009567 seconds .

========================================================================
Received Import Request.
  Time since last request: 0.000202 seconds.
  path: Assets/Zololgo/PaperLands Winter Village/Prefabs/Trees/pine_small_snowy_01.prefab
  artifactKey: Guid(a5e2b1af166b66644b1ee5e73fe2a182) Importer(815301076,1909f56bfc062723c751e8b465ee728b)
Start importing Assets/Zololgo/PaperLands Winter Village/Prefabs/Trees/pine_small_snowy_01.prefab using Guid(a5e2b1af166b66644b1ee5e73fe2a182) Importer(815301076,1909f56bfc062723c751e8b465ee728b)  -> (artifact id: '92b1f579d0f46e1c07b5aeb620daf2d5') in 0.004641 seconds
  Import took 0.006492 seconds .

========================================================================
Received Import Request.
  Time since last request: 0.000225 seconds.
  path: Assets/Zololgo/PaperLands Winter Village/Prefabs/Cliffs/cliff_02.prefab
  artifactKey: Guid(fe5d1718bf10c17478fd737bba285cfd) Importer(815301076,1909f56bfc062723c751e8b465ee728b)
Start importing Assets/Zololgo/PaperLands Winter Village/Prefabs/Cliffs/cliff_02.prefab using Guid(fe5d1718bf10c17478fd737bba285cfd) Importer(815301076,1909f56bfc062723c751e8b465ee728b)  -> (artifact id: '2cf19c3851d205afce1b085ebfe95399') in 0.006170 seconds
  Import took 0.008058 seconds .

========================================================================
Received Import Request.
  Time since last request: 0.000190 seconds.
  path: Assets/Zololgo/PaperLands Winter Village/Prefabs/Misc/snowman_01.prefab
  artifactKey: Guid(d0537ce598334184eb00faa790e2d8be) Importer(815301076,1909f56bfc062723c751e8b465ee728b)
Start importing Assets/Zololgo/PaperLands Winter Village/Prefabs/Misc/snowman_01.prefab using Guid(d0537ce598334184eb00faa790e2d8be) Importer(815301076,1909f56bfc062723c751e8b465ee728b)  -> (artifact id: '983eabc4a94fd3c90213c1101c9dcae1') in 0.005765 seconds
  Import took 0.007716 seconds .

========================================================================
Received Import Request.
  Time since last request: 0.000202 seconds.
  path: Assets/Zololgo/PaperLands Winter Village/Prefabs/Buildings/church_nightlights.prefab
  artifactKey: Guid(23ca8a2b724a5454ba37964c32f0023b) Importer(815301076,1909f56bfc062723c751e8b465ee728b)
Start importing Assets/Zololgo/PaperLands Winter Village/Prefabs/Buildings/church_nightlights.prefab using Guid(23ca8a2b724a5454ba37964c32f0023b) Importer(815301076,1909f56bfc062723c751e8b465ee728b)  -> (artifact id: 'b7f268eae0bf475562518e20ad8a0e65') in 0.006474 seconds
  Import took 0.008288 seconds .

========================================================================
Received Prepare
Registering precompiled user dll's ...
Registered in 0.000896 seconds.
Begin MonoManager ReloadAssembly
Native extension for WindowsStandalone target not found
Refreshing native plugins compatible for Editor in 0.21 ms, found 0 plugins.
Preloading 0 native plugins for Editor in 0.00 ms.
Invoked RoslynAnalysisRunner static constructor.
RoslynAnalysisRunner will not be running.
RoslynAnalysisRunner has terminated.
Mono: successfully reloaded assembly
- Completed reload, in  0.711 seconds
Platform modules already initialized, skipping
Refreshing native plugins compatible for Editor in 0.20 ms, found 0 plugins.
Preloading 0 native plugins for Editor in 0.00 ms.
Unloading 1109 Unused Serialized files (Serialized files now loaded: 0)
System memory in use before: 60.8 MB.
System memory in use after: 60.9 MB.

Unloading 5 unused Assets to reduce memory usage. Loaded Objects now: 1595.
Total: 1.581100 ms (FindLiveObjects: 0.135800 ms CreateObjectMapping: 0.033500 ms MarkObjects: 1.371300 ms  DeleteObjects: 0.039500 ms)

========================================================================
Received Import Request.
  Time since last request: 531.929537 seconds.
  path: Assets/Zololgo/PaperLands Winter Village/Scenes/Prefabs - Winter VillageSettings.lighting
  artifactKey: Guid(8339f239024befe48ac4b4cc40ff2297) Importer(815301076,1909f56bfc062723c751e8b465ee728b)
Start importing Assets/Zololgo/PaperLands Winter Village/Scenes/Prefabs - Winter VillageSettings.lighting using Guid(8339f239024befe48ac4b4cc40ff2297) Importer(815301076,1909f56bfc062723c751e8b465ee728b) LightingSettings: switching bake backend from 1 to 0.
 -> (artifact id: 'fff4f23b9605d59e6df81bc9f5bc09f8') in 0.013857 seconds
  Import took 0.015807 seconds .

========================================================================
Received Import Request.
  Time since last request: 0.006265 seconds.
  path: Assets/Zololgo/PaperLands Winter Village/Scenes/Prefabs - Winter VillageSettings.lighting
  artifactKey: Guid(8339f239024befe48ac4b4cc40ff2297) Importer(815301076,1909f56bfc062723c751e8b465ee728b)
Start importing Assets/Zololgo/PaperLands Winter Village/Scenes/Prefabs - Winter VillageSettings.lighting using Guid(8339f239024befe48ac4b4cc40ff2297) Importer(815301076,1909f56bfc062723c751e8b465ee728b) LightingSettings: switching bake backend from 1 to 0.
 -> (artifact id: 'fff4f23b9605d59e6df81bc9f5bc09f8') in 0.004347 seconds
  Import took 0.006716 seconds .

AssetImportWorkerClient::OnTransportError - code=2 error=End of file
